<?xml version="1.0" encoding="UTF-8"?>
<!-- Generated by org.testng.reporters.JUnitXMLReporter -->
<testsuite ignored="0" hostname="DESKTOP-4M1L9MT" failures="0" tests="3" name="Default test" time="37.093" errors="0" timestamp="2025-07-09T16:02:01 IST">
  <testcase classname="testcases.LoginTest" name="loginWithExcel" time="5.377"/>
  <testcase classname="testcases.LoginTest" name="loginWithExcel" time="5.032"/>
  <testcase classname="testcases.LoginTest" name="loginWithExcel" time="3.784"/>
</testsuite> <!-- Default test -->
