<?xml version="1.0" encoding="UTF-8"?>
<testng-results ignored="0" total="3" passed="3" failed="0" skipped="0">
  <reporter-output>
  </reporter-output>
  <suite started-at="2025-07-09T16:01:23 IST" name="Default suite" finished-at="2025-07-09T16:02:00 IST" duration-ms="37093">
    <groups>
    </groups>
    <test started-at="2025-07-09T16:01:23 IST" name="Default test" finished-at="2025-07-09T16:02:00 IST" duration-ms="37093">
      <class name="testcases.LoginTest">
        <test-method is-config="true" signature="setup()[pri:0, instance:testcases.LoginTest@d86a6f]" started-at="2025-07-09T16:01:25 IST" name="setup" finished-at="2025-07-09T16:01:34 IST" duration-ms="9071" status="PASS">
          <reporter-output>
          </reporter-output>
        </test-method> <!-- setup -->
        <test-method signature="loginWithExcel(java.lang.String,java.lang.String,java.lang.String)[pri:0, instance:testcases.LoginTest@d86a6f]" started-at="2025-07-09T16:01:34 IST" name="loginWithExcel" data-provider="loginData" finished-at="2025-07-09T16:01:39 IST" duration-ms="5377" status="PASS">
          <params>
            <param index="0">
              <value>
                <![CDATA[student]]>
              </value>
            </param>
            <param index="1">
              <value>
                <![CDATA[Password123]]>
              </value>
            </param>
            <param index="2">
              <value>
                <![CDATA[success]]>
              </value>
            </param>
          </params>
          <reporter-output>
          </reporter-output>
        </test-method> <!-- loginWithExcel -->
        <test-method is-config="true" signature="tearDown(org.testng.ITestResult)[pri:0, instance:testcases.LoginTest@d86a6f]" started-at="2025-07-09T16:01:39 IST" name="tearDown" finished-at="2025-07-09T16:01:40 IST" duration-ms="537" status="PASS">
          <params>
            <param index="0">
              <value>
                <![CDATA[[TestResult name=loginWithExcel status=SUCCESS method=LoginTest.loginWithExcel(java.lang.String,java.lang.String,java.lang.String)[pri:0, instance:testcases.LoginTest@d86a6f] output={null}]]]>
              </value>
            </param>
          </params>
          <reporter-output>
          </reporter-output>
        </test-method> <!-- tearDown -->
        <test-method is-config="true" signature="setup()[pri:0, instance:testcases.LoginTest@d86a6f]" started-at="2025-07-09T16:01:40 IST" name="setup" finished-at="2025-07-09T16:01:45 IST" duration-ms="4952" status="PASS">
          <reporter-output>
          </reporter-output>
        </test-method> <!-- setup -->
        <test-method signature="loginWithExcel(java.lang.String,java.lang.String,java.lang.String)[pri:0, instance:testcases.LoginTest@d86a6f]" started-at="2025-07-09T16:01:45 IST" name="loginWithExcel" data-provider="loginData" finished-at="2025-07-09T16:01:50 IST" duration-ms="5032" status="PASS">
          <params>
            <param index="0">
              <value>
                <![CDATA[user1]]>
              </value>
            </param>
            <param index="1">
              <value>
                <![CDATA[wrongpass]]>
              </value>
            </param>
            <param index="2">
              <value>
                <![CDATA[failure]]>
              </value>
            </param>
          </params>
          <reporter-output>
          </reporter-output>
        </test-method> <!-- loginWithExcel -->
        <test-method is-config="true" signature="tearDown(org.testng.ITestResult)[pri:0, instance:testcases.LoginTest@d86a6f]" started-at="2025-07-09T16:01:50 IST" name="tearDown" finished-at="2025-07-09T16:01:50 IST" duration-ms="501" status="PASS">
          <params>
            <param index="0">
              <value>
                <![CDATA[[TestResult name=loginWithExcel status=SUCCESS method=LoginTest.loginWithExcel(java.lang.String,java.lang.String,java.lang.String)[pri:0, instance:testcases.LoginTest@d86a6f] output={null}]]]>
              </value>
            </param>
          </params>
          <reporter-output>
          </reporter-output>
        </test-method> <!-- tearDown -->
        <test-method is-config="true" signature="setup()[pri:0, instance:testcases.LoginTest@d86a6f]" started-at="2025-07-09T16:01:50 IST" name="setup" finished-at="2025-07-09T16:01:56 IST" duration-ms="6091" status="PASS">
          <reporter-output>
          </reporter-output>
        </test-method> <!-- setup -->
        <test-method signature="loginWithExcel(java.lang.String,java.lang.String,java.lang.String)[pri:0, instance:testcases.LoginTest@d86a6f]" started-at="2025-07-09T16:01:56 IST" name="loginWithExcel" data-provider="loginData" finished-at="2025-07-09T16:02:00 IST" duration-ms="3784" status="PASS">
          <params>
            <param index="0">
              <value>
                <![CDATA[admin]]>
              </value>
            </param>
            <param index="1">
              <value>
                <![CDATA[admin123]]>
              </value>
            </param>
            <param index="2">
              <value>
                <![CDATA[failure]]>
              </value>
            </param>
          </params>
          <reporter-output>
          </reporter-output>
        </test-method> <!-- loginWithExcel -->
        <test-method is-config="true" signature="tearDown(org.testng.ITestResult)[pri:0, instance:testcases.LoginTest@d86a6f]" started-at="2025-07-09T16:02:00 IST" name="tearDown" finished-at="2025-07-09T16:02:00 IST" duration-ms="446" status="PASS">
          <params>
            <param index="0">
              <value>
                <![CDATA[[TestResult name=loginWithExcel status=SUCCESS method=LoginTest.loginWithExcel(java.lang.String,java.lang.String,java.lang.String)[pri:0, instance:testcases.LoginTest@d86a6f] output={null}]]]>
              </value>
            </param>
          </params>
          <reporter-output>
          </reporter-output>
        </test-method> <!-- tearDown -->
      </class> <!-- testcases.LoginTest -->
    </test> <!-- Default test -->
  </suite> <!-- Default suite -->
</testng-results>
